<?xml version="1.0" encoding="UTF-8"?>
<testsuite xmlns:xsi="http://www.w3.org/2001/XMLSchema-instance" xsi:noNamespaceSchemaLocation="https://maven.apache.org/surefire/maven-surefire-plugin/xsd/surefire-test-report-3.0.xsd" version="3.0" name="adt.stack.StudentStackTest" time="0.003" tests="17" errors="0" skipped="0" failures="0">
  <properties>
[...]
</properties>
  <testcase name="testPop" classname="adt.stack.StudentStackTest" time="0.0"/>
  <testcase name="testTop" classname="adt.stack.StudentStackTest" time="0.001"/>
  <testcase name="testAdd1" classname="adt.stack.StudentStackTest" time="0.0"/>
  <testcase name="testAdd2" classname="adt.stack.StudentStackTest" time="0.0"/>
  <testcase name="testAdd3" classname="adt.stack.StudentStackTest" time="0.0"/>
  <testcase name="testPop1" classname="adt.stack.StudentStackTest" time="0.0"/>
  <testcase name="testPop2" classname="adt.stack.StudentStackTest" time="0.0"/>
  <testcase name="testPop3" classname="adt.stack.StudentStackTest" time="0.0"/>
  <testcase name="testPush" classname="adt.stack.StudentStackTest" time="0.0"/>
  <testcase name="testTop1" classname="adt.stack.StudentStackTest" time="0.0"/>
  <testcase name="testTop2" classname="adt.stack.StudentStackTest" time="0.0"/>
  <testcase name="testTop3" classname="adt.stack.StudentStackTest" time="0.0"/>
  <testcase name="testTop4" classname="adt.stack.StudentStackTest" time="0.0"/>
  <testcase name="testPushComErro" classname="adt.stack.StudentStackTest" time="0.0"/>
  <testcase name="testPopComErro" classname="adt.stack.StudentStackTest" time="0.0"/>
  <testcase name="testIsFull" classname="adt.stack.StudentStackTest" time="0.0"/>
  <testcase name="testIsEmpty" classname="adt.stack.StudentStackTest" time="0.0"/>
</testsuite>